<?xml version="1.0" encoding="UTF-8"?>
<coverage generated="1652921639807" clover="3.2.0">
  <project timestamp="1652921639807" name="All files">
    <metrics statements="36" coveredstatements="34" conditionals="26" coveredconditionals="23" methods="12" coveredmethods="10" elements="74" coveredelements="67" complexity="0" loc="36" ncloc="36" packages="2" files="2" classes="2"/>
    <package name="src.lib">
      <metrics statements="31" coveredstatements="29" conditionals="26" coveredconditionals="23" methods="11" coveredmethods="9"/>
      <file name="helper.ts" path="/home/ernane/me/PomoTimer/src/lib/helper.ts">
        <metrics statements="31" coveredstatements="29" conditionals="26" coveredconditionals="23" methods="11" coveredmethods="9"/>
        <line num="13" count="14" type="stmt"/>
        <line num="17" count="11" type="stmt"/>
        <line num="30" count="4" type="cond" truecount="4" falsecount="0"/>
        <line num="36" count="4" type="cond" truecount="2" falsecount="0"/>
        <line num="37" count="1" type="stmt"/>
        <line num="43" count="4" type="cond" truecount="5" falsecount="0"/>
        <line num="44" count="1" type="stmt"/>
        <line num="45" count="1" type="stmt"/>
        <line num="46" count="1" type="stmt"/>
        <line num="51" count="1" type="stmt"/>
        <line num="52" count="3" type="cond" truecount="5" falsecount="0"/>
        <line num="53" count="1" type="stmt"/>
        <line num="54" count="1" type="stmt"/>
        <line num="55" count="1" type="stmt"/>
        <line num="60" count="1" type="stmt"/>
        <line num="65" count="6" type="stmt"/>
        <line num="66" count="6" type="cond" truecount="2" falsecount="0"/>
        <line num="69" count="6" type="stmt"/>
        <line num="71" count="1" type="stmt"/>
        <line num="72" count="1" type="stmt"/>
        <line num="75" count="3" type="stmt"/>
        <line num="76" count="3" type="stmt"/>
        <line num="79" count="1" type="stmt"/>
        <line num="80" count="1" type="stmt"/>
        <line num="84" count="6" type="stmt"/>
        <line num="86" count="1" type="cond" truecount="2" falsecount="2"/>
        <line num="87" count="1" type="stmt"/>
        <line num="91" count="3" type="cond" truecount="3" falsecount="1"/>
        <line num="92" count="3" type="stmt"/>
        <line num="93" count="0" type="stmt"/>
        <line num="97" count="0" type="stmt"/>
      </file>
    </package>
    <package name="tests.utils">
      <metrics statements="5" coveredstatements="5" conditionals="0" coveredconditionals="0" methods="1" coveredmethods="1"/>
      <file name="mocks.ts" path="/home/ernane/me/PomoTimer/tests/utils/mocks.ts">
        <metrics statements="5" coveredstatements="5" conditionals="0" coveredconditionals="0" methods="1" coveredmethods="1"/>
        <line num="1" count="6" type="stmt"/>
        <line num="5" count="6" type="stmt"/>
        <line num="6" count="6" type="stmt"/>
        <line num="10" count="6" type="stmt"/>
        <line num="15" count="6" type="stmt"/>
      </file>
    </package>
  </project>
</coverage>
