{"/home/ernane/me/PomoTimer/src/lib/helper.ts": {"path":"/home/ernane/me/PomoTimer/src/lib/helper.ts","statementMap":{"0":{"start":{"line":13,"column":2},"end":{"line":13,"column":32}},"1":{"start":{"line":17,"column":2},"end":{"line":21,"column":8}},"2":{"start":{"line":30,"column":2},"end":{"line":34,"column":5}},"3":{"start":{"line":30,"column":47},"end":{"line":34,"column":5}},"4":{"start":{"line":36,"column":2},"end":{"line":41,"column":3}},"5":{"start":{"line":37,"column":4},"end":{"line":40,"column":7}},"6":{"start":{"line":43,"column":2},"end":{"line":61,"column":3}},"7":{"start":{"line":44,"column":4},"end":{"line":44,"column":21}},"8":{"start":{"line":45,"column":4},"end":{"line":45,"column":46}},"9":{"start":{"line":46,"column":4},"end":{"line":50,"column":6}},"10":{"start":{"line":51,"column":4},"end":{"line":51,"column":19}},"11":{"start":{"line":52,"column":9},"end":{"line":61,"column":3}},"12":{"start":{"line":53,"column":4},"end":{"line":53,"column":21}},"13":{"start":{"line":54,"column":4},"end":{"line":54,"column":46}},"14":{"start":{"line":55,"column":4},"end":{"line":59,"column":6}},"15":{"start":{"line":60,"column":4},"end":{"line":60,"column":19}},"16":{"start":{"line":65,"column":32},"end":{"line":65,"column":68}},"17":{"start":{"line":66,"column":2},"end":{"line":66,"column":89}},"18":{"start":{"line":69,"column":22},"end":{"line":82,"column":1}},"19":{"start":{"line":71,"column":18},"end":{"line":71,"column":35}},"20":{"start":{"line":72,"column":4},"end":{"line":72,"column":17}},"21":{"start":{"line":75,"column":18},"end":{"line":75,"column":34}},"22":{"start":{"line":76,"column":4},"end":{"line":76,"column":17}},"23":{"start":{"line":79,"column":18},"end":{"line":79,"column":32}},"24":{"start":{"line":80,"column":4},"end":{"line":80,"column":17}},"25":{"start":{"line":84,"column":29},"end":{"line":101,"column":1}},"26":{"start":{"line":86,"column":4},"end":{"line":88,"column":5}},"27":{"start":{"line":87,"column":6},"end":{"line":87,"column":39}},"28":{"start":{"line":91,"column":4},"end":{"line":99,"column":5}},"29":{"start":{"line":92,"column":6},"end":{"line":98,"column":9}},"30":{"start":{"line":93,"column":29},"end":{"line":96,"column":10}},"31":{"start":{"line":97,"column":8},"end":{"line":97,"column":74}},"32":{"start":{"line":97,"column":43},"end":{"line":97,"column":58}},"33":{"start":{"line":97,"column":59},"end":{"line":97,"column":72}}},"fnMap":{"0":{"name":"complementWithZeros","decl":{"start":{"line":12,"column":16},"end":{"line":12,"column":35}},"loc":{"start":{"line":12,"column":57},"end":{"line":14,"column":1}},"line":12},"1":{"name":"getInitialTimerByTagType","decl":{"start":{"line":16,"column":16},"end":{"line":16,"column":40}},"loc":{"start":{"line":16,"column":58},"end":{"line":22,"column":1}},"line":16},"2":{"name":"updateTimer","decl":{"start":{"line":24,"column":16},"end":{"line":24,"column":27}},"loc":{"start":{"line":28,"column":51},"end":{"line":62,"column":1}},"line":28},"3":{"name":"timerIsChanged","decl":{"start":{"line":64,"column":16},"end":{"line":64,"column":30}},"loc":{"start":{"line":64,"column":75},"end":{"line":67,"column":1}},"line":64},"4":{"name":"(anonymous_4)","decl":{"start":{"line":70,"column":10},"end":{"line":70,"column":11}},"loc":{"start":{"line":70,"column":15},"end":{"line":73,"column":3}},"line":70},"5":{"name":"(anonymous_5)","decl":{"start":{"line":74,"column":9},"end":{"line":74,"column":10}},"loc":{"start":{"line":74,"column":14},"end":{"line":77,"column":3}},"line":74},"6":{"name":"(anonymous_6)","decl":{"start":{"line":78,"column":7},"end":{"line":78,"column":8}},"loc":{"start":{"line":78,"column":12},"end":{"line":81,"column":3}},"line":78},"7":{"name":"(anonymous_7)","decl":{"start":{"line":85,"column":2},"end":{"line":85,"column":3}},"loc":{"start":{"line":85,"column":27},"end":{"line":89,"column":3}},"line":85},"8":{"name":"(anonymous_8)","decl":{"start":{"line":90,"column":2},"end":{"line":90,"column":3}},"loc":{"start":{"line":90,"column":76},"end":{"line":100,"column":3}},"line":90},"9":{"name":"(anonymous_9)","decl":{"start":{"line":92,"column":37},"end":{"line":92,"column":38}},"loc":{"start":{"line":92,"column":47},"end":{"line":98,"column":7}},"line":92},"10":{"name":"(anonymous_10)","decl":{"start":{"line":97,"column":31},"end":{"line":97,"column":32}},"loc":{"start":{"line":97,"column":42},"end":{"line":97,"column":73}},"line":97}},"branchMap":{"0":{"loc":{"start":{"line":30,"column":2},"end":{"line":34,"column":5}},"type":"if","locations":[{"start":{"line":30,"column":2},"end":{"line":34,"column":5}},{"start":{},"end":{}}],"line":30},"1":{"loc":{"start":{"line":30,"column":6},"end":{"line":30,"column":45}},"type":"binary-expr","locations":[{"start":{"line":30,"column":6},"end":{"line":30,"column":24}},{"start":{"line":30,"column":28},"end":{"line":30,"column":45}}],"line":30},"2":{"loc":{"start":{"line":36,"column":2},"end":{"line":41,"column":3}},"type":"if","locations":[{"start":{"line":36,"column":2},"end":{"line":41,"column":3}},{"start":{},"end":{}}],"line":36},"3":{"loc":{"start":{"line":43,"column":2},"end":{"line":61,"column":3}},"type":"if","locations":[{"start":{"line":43,"column":2},"end":{"line":61,"column":3}},{"start":{"line":52,"column":9},"end":{"line":61,"column":3}}],"line":43},"4":{"loc":{"start":{"line":43,"column":6},"end":{"line":43,"column":65}},"type":"binary-expr","locations":[{"start":{"line":43,"column":6},"end":{"line":43,"column":24}},{"start":{"line":43,"column":28},"end":{"line":43,"column":46}},{"start":{"line":43,"column":50},"end":{"line":43,"column":65}}],"line":43},"5":{"loc":{"start":{"line":52,"column":9},"end":{"line":61,"column":3}},"type":"if","locations":[{"start":{"line":52,"column":9},"end":{"line":61,"column":3}},{"start":{},"end":{}}],"line":52},"6":{"loc":{"start":{"line":52,"column":13},"end":{"line":52,"column":74}},"type":"binary-expr","locations":[{"start":{"line":52,"column":14},"end":{"line":52,"column":29}},{"start":{"line":52,"column":34},"end":{"line":52,"column":52}},{"start":{"line":52,"column":56},"end":{"line":52,"column":74}}],"line":52},"7":{"loc":{"start":{"line":66,"column":10},"end":{"line":66,"column":88}},"type":"binary-expr","locations":[{"start":{"line":66,"column":10},"end":{"line":66,"column":47}},{"start":{"line":66,"column":51},"end":{"line":66,"column":88}}],"line":66},"8":{"loc":{"start":{"line":86,"column":4},"end":{"line":88,"column":5}},"type":"if","locations":[{"start":{"line":86,"column":4},"end":{"line":88,"column":5}},{"start":{},"end":{}}],"line":86},"9":{"loc":{"start":{"line":86,"column":8},"end":{"line":86,"column":43}},"type":"binary-expr","locations":[{"start":{"line":86,"column":8},"end":{"line":86,"column":27}},{"start":{"line":86,"column":31},"end":{"line":86,"column":43}}],"line":86},"10":{"loc":{"start":{"line":91,"column":4},"end":{"line":99,"column":5}},"type":"if","locations":[{"start":{"line":91,"column":4},"end":{"line":99,"column":5}},{"start":{},"end":{}}],"line":91},"11":{"loc":{"start":{"line":91,"column":8},"end":{"line":91,"column":66}},"type":"binary-expr","locations":[{"start":{"line":91,"column":8},"end":{"line":91,"column":27}},{"start":{"line":91,"column":31},"end":{"line":91,"column":66}}],"line":91}},"s":{"0":14,"1":11,"2":4,"3":1,"4":4,"5":1,"6":4,"7":1,"8":1,"9":1,"10":1,"11":3,"12":1,"13":1,"14":1,"15":1,"16":6,"17":6,"18":6,"19":1,"20":1,"21":3,"22":3,"23":1,"24":1,"25":6,"26":1,"27":1,"28":3,"29":3,"30":0,"31":0,"32":0,"33":0},"f":{"0":14,"1":11,"2":4,"3":6,"4":1,"5":3,"6":1,"7":1,"8":3,"9":0,"10":0},"b":{"0":[1,3],"1":[4,3],"2":[1,3],"3":[1,3],"4":[4,2,2],"5":[1,2],"6":[3,1,1],"7":[6,4],"8":[1,0],"9":[1,0],"10":[3,0],"11":[3,3]},"_coverageSchema":"1a1c01bbd47fc00a2c39e90264f33305004495a9","hash":"136752cd7fe83235d75b01ffdd65db43b4976c62"}
,"/home/ernane/me/PomoTimer/tests/utils/mocks.ts": {"path":"/home/ernane/me/PomoTimer/tests/utils/mocks.ts","statementMap":{"0":{"start":{"line":1,"column":21},"end":{"line":3,"column":1}},"1":{"start":{"line":5,"column":32},"end":{"line":16,"column":1}},"2":{"start":{"line":6,"column":2},"end":{"line":8,"column":5}},"3":{"start":{"line":10,"column":24},"end":{"line":13,"column":3}},"4":{"start":{"line":15,"column":2},"end":{"line":15,"column":52}}},"fnMap":{"0":{"name":"(anonymous_0)","decl":{"start":{"line":5,"column":32},"end":{"line":5,"column":33}},"loc":{"start":{"line":5,"column":38},"end":{"line":16,"column":1}},"line":5}},"branchMap":{},"s":{"0":6,"1":6,"2":6,"3":6,"4":6},"f":{"0":6},"b":{},"_coverageSchema":"1a1c01bbd47fc00a2c39e90264f33305004495a9","hash":"7950caa562f3334fe4b1f264d05c636d85b81eec"}
}
