TN:
SF:src/lib/helper.ts
FN:12,complementWithZeros
FN:16,getInitialTimerByTagType
FN:24,updateTimer
FN:64,timerIsChanged
FN:70,(anonymous_4)
FN:74,(anonymous_5)
FN:78,(anonymous_6)
FN:85,(anonymous_7)
FN:90,(anonymous_8)
FN:92,(anonymous_9)
FN:97,(anonymous_10)
FNF:11
FNH:9
FNDA:14,complementWithZeros
FNDA:11,getInitialTimerByTagType
FNDA:4,updateTimer
FNDA:6,timerIsChanged
FNDA:1,(anonymous_4)
FNDA:3,(anonymous_5)
FNDA:1,(anonymous_6)
FNDA:1,(anonymous_7)
FNDA:3,(anonymous_8)
FNDA:0,(anonymous_9)
FNDA:0,(anonymous_10)
DA:13,14
DA:17,11
DA:30,4
DA:36,4
DA:37,1
DA:43,4
DA:44,1
DA:45,1
DA:46,1
DA:51,1
DA:52,3
DA:53,1
DA:54,1
DA:55,1
DA:60,1
DA:65,6
DA:66,6
DA:69,6
DA:71,1
DA:72,1
DA:75,3
DA:76,3
DA:79,1
DA:80,1
DA:84,6
DA:86,1
DA:87,1
DA:91,3
DA:92,3
DA:93,0
DA:97,0
LF:31
LH:29
BRDA:30,0,0,1
BRDA:30,0,1,3
BRDA:30,1,0,4
BRDA:30,1,1,3
BRDA:36,2,0,1
BRDA:36,2,1,3
BRDA:43,3,0,1
BRDA:43,3,1,3
BRDA:43,4,0,4
BRDA:43,4,1,2
BRDA:43,4,2,2
BRDA:52,5,0,1
BRDA:52,5,1,2
BRDA:52,6,0,3
BRDA:52,6,1,1
BRDA:52,6,2,1
BRDA:66,7,0,6
BRDA:66,7,1,4
BRDA:86,8,0,1
BRDA:86,8,1,0
BRDA:86,9,0,1
BRDA:86,9,1,0
BRDA:91,10,0,3
BRDA:91,10,1,0
BRDA:91,11,0,3
BRDA:91,11,1,3
BRF:26
BRH:23
end_of_record
TN:
SF:tests/utils/mocks.ts
FN:5,(anonymous_0)
FNF:1
FNH:1
FNDA:6,(anonymous_0)
DA:1,6
DA:5,6
DA:6,6
DA:10,6
DA:15,6
LF:5
LH:5
BRF:0
BRH:0
end_of_record
